Using pre-set license
Built from '2022.3/staging' branch; Version is '2022.3.8f1 (b5eafc012955) revision 11922172'; Using compiler version '192829333'; Build Type 'Release'
OS: 'Windows 10  (10.0.19045) 64bit Core' Language: 'en' Physical Memory: 16085 MB
BatchMode: 1, IsHumanControllingUs: 0, StartBugReporterOnCrash: 0, Is64bit: 1, IsPro: 1

COMMAND LINE ARGUMENTS:
C:\Users\victo\OneDrive\Desktop\School Items\2022.3.8f1\Editor\Unity.exe
-adb2
-batchMode
-noUpm
-name
AssetImportWorker2
-projectPath
C:/Users/victo/OneDrive/Desktop/School Items/Winter 2024/Intermidiate CG/Tutorial Task 3/TutTask3/CGTutorial3
-logFile
Logs/AssetImportWorker2.log
-srvPort
59028
Successfully changed project path to: C:/Users/victo/OneDrive/Desktop/School Items/Winter 2024/Intermidiate CG/Tutorial Task 3/TutTask3/CGTutorial3
C:/Users/victo/OneDrive/Desktop/School Items/Winter 2024/Intermidiate CG/Tutorial Task 3/TutTask3/CGTutorial3
[UnityMemory] Configuration Parameters - Can be set up in boot.config
    "memorysetup-bucket-allocator-granularity=16"
    "memorysetup-bucket-allocator-bucket-count=8"
    "memorysetup-bucket-allocator-block-size=33554432"
    "memorysetup-bucket-allocator-block-count=8"
    "memorysetup-main-allocator-block-size=16777216"
    "memorysetup-thread-allocator-block-size=16777216"
    "memorysetup-gfx-main-allocator-block-size=16777216"
    "memorysetup-gfx-thread-allocator-block-size=16777216"
    "memorysetup-cache-allocator-block-size=4194304"
    "memorysetup-typetree-allocator-block-size=2097152"
    "memorysetup-profiler-bucket-allocator-granularity=16"
    "memorysetup-profiler-bucket-allocator-bucket-count=8"
    "memorysetup-profiler-bucket-allocator-block-size=33554432"
    "memorysetup-profiler-bucket-allocator-block-count=8"
    "memorysetup-profiler-allocator-block-size=16777216"
    "memorysetup-profiler-editor-allocator-block-size=1048576"
    "memorysetup-temp-allocator-size-main=16777216"
    "memorysetup-job-temp-allocator-block-size=2097152"
    "memorysetup-job-temp-allocator-block-size-background=1048576"
    "memorysetup-job-temp-allocator-reduction-small-platforms=262144"
    "memorysetup-allocator-temp-initial-block-size-main=262144"
    "memorysetup-allocator-temp-initial-block-size-worker=262144"
    "memorysetup-temp-allocator-size-background-worker=32768"
    "memorysetup-temp-allocator-size-job-worker=262144"
    "memorysetup-temp-allocator-size-preload-manager=33554432"
    "memorysetup-temp-allocator-size-nav-mesh-worker=65536"
    "memorysetup-temp-allocator-size-audio-worker=65536"
    "memorysetup-temp-allocator-size-cloud-worker=32768"
    "memorysetup-temp-allocator-size-gi-baking-worker=262144"
    "memorysetup-temp-allocator-size-gfx=262144"
Player connection [16744] Host "[IP] 10.190.36.123 [Port] 0 [Flags] 2 [Guid] 2303475200 [EditorId] 2303475200 [Version] 1048832 [Id] WindowsEditor(7,DESKTOP-7I5USTJ) [Debug] 1 [PackageName] WindowsEditor [ProjectName] Editor" joined multi-casting on [225.0.0.222:54997]...

Player connection [16744] Host "[IP] 10.190.36.123 [Port] 0 [Flags] 2 [Guid] 2303475200 [EditorId] 2303475200 [Version] 1048832 [Id] WindowsEditor(7,DESKTOP-7I5USTJ) [Debug] 1 [PackageName] WindowsEditor [ProjectName] Editor" joined alternative multi-casting on [225.0.0.222:34997]...

[Physics::Module] Initialized MultithreadedJobDispatcher with 15 workers.
Refreshing native plugins compatible for Editor in 26.09 ms, found 3 plugins.
Preloading 0 native plugins for Editor in 0.00 ms.
Initialize engine version: 2022.3.8f1 (b5eafc012955)
[Subsystems] Discovering subsystems at path C:/Users/victo/OneDrive/Desktop/School Items/2022.3.8f1/Editor/Data/Resources/UnitySubsystems
[Subsystems] Discovering subsystems at path C:/Users/victo/OneDrive/Desktop/School Items/Winter 2024/Intermidiate CG/Tutorial Task 3/TutTask3/CGTutorial3/Assets
GfxDevice: creating device client; threaded=0; jobified=0
Direct3D:
    Version:  Direct3D 11.0 [level 11.1]
    Renderer: NVIDIA GeForce RTX 3060 Laptop GPU (ID=0x2520)
    Vendor:   NVIDIA
    VRAM:     6010 MB
    Driver:   31.0.15.4601
Initialize mono
Mono path[0] = 'C:/Users/victo/OneDrive/Desktop/School Items/2022.3.8f1/Editor/Data/Managed'
Mono path[1] = 'C:/Users/victo/OneDrive/Desktop/School Items/2022.3.8f1/Editor/Data/MonoBleedingEdge/lib/mono/unityjit-win32'
Mono config path = 'C:/Users/victo/OneDrive/Desktop/School Items/2022.3.8f1/Editor/Data/MonoBleedingEdge/etc'
Using monoOptions --debugger-agent=transport=dt_socket,embedding=1,server=y,suspend=n,address=127.0.0.1:56440
Begin MonoManager ReloadAssembly
Registering precompiled unity dll's ...
Register platform support module: C:/Users/victo/OneDrive/Desktop/School Items/2022.3.8f1/Editor/Data/PlaybackEngines/WindowsStandaloneSupport/UnityEditor.WindowsStandalone.Extensions.dll
Registered in 0.017141 seconds.
- Loaded All Assemblies, in  0.487 seconds
Native extension for WindowsStandalone target not found
Mono: successfully reloaded assembly
- Finished resetting the current domain, in  0.268 seconds
Domain Reload Profiling: 753ms
	BeginReloadAssembly (176ms)
		ExecutionOrderSort (0ms)
		DisableScriptedObjects (0ms)
		BackupInstance (0ms)
		ReleaseScriptingObjects (0ms)
		CreateAndSetChildDomain (1ms)
	RebuildCommonClasses (41ms)
	RebuildNativeTypeToScriptingClass (18ms)
	initialDomainReloadingComplete (71ms)
	LoadAllAssembliesAndSetupDomain (178ms)
		LoadAssemblies (170ms)
		RebuildTransferFunctionScriptingTraits (0ms)
		AnalyzeDomain (177ms)
			TypeCache.Refresh (175ms)
				TypeCache.ScanAssembly (158ms)
			ScanForSourceGeneratedMonoScriptInfo (1ms)
			ResolveRequiredComponents (1ms)
	FinalizeReload (269ms)
		ReleaseScriptCaches (0ms)
		RebuildScriptCaches (0ms)
		SetupLoadedEditorAssemblies (200ms)
			LogAssemblyErrors (0ms)
			InitializePlatformSupportModulesInManaged (12ms)
			SetLoadedEditorAssemblies (6ms)
			RefreshPlugins (0ms)
			BeforeProcessingInitializeOnLoad (2ms)
			ProcessInitializeOnLoadAttributes (133ms)
			ProcessInitializeOnLoadMethodAttributes (48ms)
			AfterProcessingInitializeOnLoad (0ms)
			EditorAssembliesLoaded (0ms)
		ExecutionOrderSort2 (0ms)
		AwakeInstancesAfterBackupRestoration (0ms)
========================================================================
Worker process is ready to serve import requests
Begin MonoManager ReloadAssembly
- Loaded All Assemblies, in  0.807 seconds
Refreshing native plugins compatible for Editor in 4.60 ms, found 3 plugins.
Native extension for WindowsStandalone target not found
Package Manager log level set to [2]
[Package Manager] Server::EnsureServerProcessIsRunning -- launch failed, reason: Unity was launched with the -noUpm command-line argument
[Package Manager] UpmClient::Send -- Unable to send message (not connected to UPM process).
[Package Manager] Cannot connect to Unity Package Manager local server
Mono: successfully reloaded assembly
- Finished resetting the current domain, in  0.695 seconds
Domain Reload Profiling: 1493ms
	BeginReloadAssembly (167ms)
		ExecutionOrderSort (0ms)
		DisableScriptedObjects (4ms)
		BackupInstance (0ms)
		ReleaseScriptingObjects (0ms)
		CreateAndSetChildDomain (27ms)
	RebuildCommonClasses (39ms)
	RebuildNativeTypeToScriptingClass (9ms)
	initialDomainReloadingComplete (49ms)
	LoadAllAssembliesAndSetupDomain (534ms)
		LoadAssemblies (412ms)
		RebuildTransferFunctionScriptingTraits (0ms)
		AnalyzeDomain (215ms)
			TypeCache.Refresh (185ms)
				TypeCache.ScanAssembly (167ms)
			ScanForSourceGeneratedMonoScriptInfo (17ms)
			ResolveRequiredComponents (11ms)
	FinalizeReload (695ms)
		ReleaseScriptCaches (0ms)
		RebuildScriptCaches (0ms)
		SetupLoadedEditorAssemblies (524ms)
			LogAssemblyErrors (0ms)
			InitializePlatformSupportModulesInManaged (9ms)
			SetLoadedEditorAssemblies (4ms)
			RefreshPlugins (0ms)
			BeforeProcessingInitializeOnLoad (80ms)
			ProcessInitializeOnLoadAttributes (359ms)
			ProcessInitializeOnLoadMethodAttributes (62ms)
			AfterProcessingInitializeOnLoad (11ms)
			EditorAssembliesLoaded (0ms)
		ExecutionOrderSort2 (0ms)
		AwakeInstancesAfterBackupRestoration (7ms)
Launched and connected shader compiler UnityShaderCompiler.exe after 0.06 seconds
Refreshing native plugins compatible for Editor in 10.77 ms, found 3 plugins.
Preloading 0 native plugins for Editor in 0.00 ms.
Unloading 4943 Unused Serialized files (Serialized files now loaded: 0)
Unloading 64 unused Assets / (350.0 KB). Loaded Objects now: 5403.
Memory consumption went from 196.0 MB to 195.6 MB.
Total: 7.723800 ms (FindLiveObjects: 1.395700 ms CreateObjectMapping: 0.616800 ms MarkObjects: 5.399200 ms  DeleteObjects: 0.309200 ms)

AssetImportParameters requested are different than current active one (requested -> active):
  custom:container-demuxer-ogg: 62fdf1f143b41e24485cea50d1cbac27 -> 
  custom:video-decoder-ogg-theora: a1e56fd34408186e4bbccfd4996cb3dc -> 
  custom:framework-win-MediaFoundation: 216162199b28c13a410421893ffa2e32 -> 
  custom:CustomObjectIndexerAttribute: a3ef5dd2817f97addfee359851a9dba5 -> 
  custom:container-demuxer-webm: 4f35f7cbe854078d1ac9338744f61a02 -> 
  custom:container-muxer-webm: aa71ff27fc2769a1b78a27578f13a17b -> 
  custom:video-decoder-webm-vp8: 9c59270c3fd7afecdb556c50c9e8de78 -> 
  custom:SearchIndexIgnoredProperties: e643bd26f0fe6173181afceb89e7c659 -> 
  custom:AudioImporter_EditorPlatform: d09bf68614088b80899f8185d706f6e7 -> 
  custom:video-encoder-webm-vp8: eb34c28f22e8b96e1ab97ce403110664 -> 
  custom:audio-decoder-ogg-vorbis: bf7c407c2cedff20999df2af8eb42d56 -> 
  custom:audio-encoder-webm-vorbis: bf7c407c2cedff20999df2af8eb42d56 -> 
========================================================================
Received Import Request.
  Time since last request: 27490.814963 seconds.
  path: Assets/Assets/Models/KitchenSink.fbx
  artifactKey: Guid(e24c4b271a237384e93cf669e94f015f) Importer(815301076,1909f56bfc062723c751e8b465ee728b)
Start importing Assets/Assets/Models/KitchenSink.fbx using Guid(e24c4b271a237384e93cf669e94f015f) Importer(815301076,1909f56bfc062723c751e8b465ee728b)  -> (artifact id: 'c7af99187ed9b2f61b4ceb6442abbe4b') in 0.501221 seconds
Number of updated asset objects reloaded before import = 0
Number of asset objects unloaded after import = 14
========================================================================
Received Import Request.
  Time since last request: 21.406376 seconds.
  path: Assets/CreativeCore_Shaders/Prefabs/Apple.prefab
  artifactKey: Guid(287875a8b65a3c447a4656a2e48b002a) Importer(815301076,1909f56bfc062723c751e8b465ee728b)
Start importing Assets/CreativeCore_Shaders/Prefabs/Apple.prefab using Guid(287875a8b65a3c447a4656a2e48b002a) Importer(815301076,1909f56bfc062723c751e8b465ee728b)  -> (artifact id: '4d57d964db8c34f97ed0cbb7d15f3116') in 0.026498 seconds
Number of updated asset objects reloaded before import = 0
Number of asset objects unloaded after import = 27
========================================================================
Received Import Request.
  Time since last request: 0.000037 seconds.
  path: Assets/CreativeCore_Shaders/Prefabs/PlantInGlass.prefab
  artifactKey: Guid(8a5ceb21db0feab4db06b1ebf6f3e944) Importer(815301076,1909f56bfc062723c751e8b465ee728b)
Start importing Assets/CreativeCore_Shaders/Prefabs/PlantInGlass.prefab using Guid(8a5ceb21db0feab4db06b1ebf6f3e944) Importer(815301076,1909f56bfc062723c751e8b465ee728b)  -> (artifact id: 'c5d64230b945a854e3e2e4fd31d79f43') in 0.027152 seconds
Number of updated asset objects reloaded before import = 0
Number of asset objects unloaded after import = 112
========================================================================
Received Import Request.
  Time since last request: 0.000031 seconds.
  path: Assets/CreativeCore_Shaders/Prefabs/Mug.prefab
  artifactKey: Guid(1b5b20af9f996884198cd27b26564fbc) Importer(815301076,1909f56bfc062723c751e8b465ee728b)
Start importing Assets/CreativeCore_Shaders/Prefabs/Mug.prefab using Guid(1b5b20af9f996884198cd27b26564fbc) Importer(815301076,1909f56bfc062723c751e8b465ee728b)  -> (artifact id: '601124f168a94d607c2e1a05781375ee') in 0.030610 seconds
Number of updated asset objects reloaded before import = 0
Number of asset objects unloaded after import = 9
========================================================================
Received Import Request.
  Time since last request: 0.000035 seconds.
  path: Assets/CreativeCore_Shaders/Prefabs/Pear.prefab
  artifactKey: Guid(93b597e131263ce4bbf1bc838e2f741a) Importer(815301076,1909f56bfc062723c751e8b465ee728b)
Start importing Assets/CreativeCore_Shaders/Prefabs/Pear.prefab using Guid(93b597e131263ce4bbf1bc838e2f741a) Importer(815301076,1909f56bfc062723c751e8b465ee728b)  -> (artifact id: '7346760fb0ef2b35dfe815e37b2b453f') in 0.020593 seconds
Number of updated asset objects reloaded before import = 0
Number of asset objects unloaded after import = 27
========================================================================
Received Import Request.
  Time since last request: 0.000047 seconds.
  path: Assets/CreativeCore_Shaders/Prefabs/Lime.prefab
  artifactKey: Guid(74ad1f18a0a2a994a91ac2b1c1a39673) Importer(815301076,1909f56bfc062723c751e8b465ee728b)
Start importing Assets/CreativeCore_Shaders/Prefabs/Lime.prefab using Guid(74ad1f18a0a2a994a91ac2b1c1a39673) Importer(815301076,1909f56bfc062723c751e8b465ee728b)  -> (artifact id: '4f1e08ddc7f40250cdc394368a7b9f02') in 0.028888 seconds
Number of updated asset objects reloaded before import = 0
Number of asset objects unloaded after import = 9
========================================================================
Received Import Request.
  Time since last request: 33.754028 seconds.
  path: Assets/CreativeCore_Shaders/ShaderGraphs/Dissolve.mat
  artifactKey: Guid(d83e4c2b350bdbc478c0753f1f944c31) Importer(815301076,1909f56bfc062723c751e8b465ee728b)
Start importing Assets/CreativeCore_Shaders/ShaderGraphs/Dissolve.mat using Guid(d83e4c2b350bdbc478c0753f1f944c31) Importer(815301076,1909f56bfc062723c751e8b465ee728b)  -> (artifact id: '62ab49bcdcb4ede4bcfa40c7e3f4d360') in 1.676019 seconds
Number of updated asset objects reloaded before import = 0
Number of asset objects unloaded after import = 3
========================================================================
Received Import Request.
  Time since last request: 2.544200 seconds.
  path: Assets/CreativeCore_Shaders/ShaderGraphs/Example_Shimmer.shadergraph
  artifactKey: Guid(22ea675d1e120054a9a5976fcf24d561) Importer(815301076,1909f56bfc062723c751e8b465ee728b)
Start importing Assets/CreativeCore_Shaders/ShaderGraphs/Example_Shimmer.shadergraph using Guid(22ea675d1e120054a9a5976fcf24d561) Importer(815301076,1909f56bfc062723c751e8b465ee728b)  -> (artifact id: '4eb27dabd9629d3331a5de308a206b87') in 1.043764 seconds
Number of updated asset objects reloaded before import = 0
Number of asset objects unloaded after import = 3
========================================================================
Received Import Request.
  Time since last request: 4.957279 seconds.
  path: Assets/Assets/Shaders/Mug.shadergraph
  artifactKey: Guid(c8eb1391d51753347a78db40cbb14312) Importer(815301076,1909f56bfc062723c751e8b465ee728b)
Start importing Assets/Assets/Shaders/Mug.shadergraph using Guid(c8eb1391d51753347a78db40cbb14312) Importer(815301076,1909f56bfc062723c751e8b465ee728b)  -> (artifact id: 'b85f2b6af8f3c5d4de5836a511988d39') in 0.016020 seconds
Number of updated asset objects reloaded before import = 0
Number of asset objects unloaded after import = 2
========================================================================
Received Import Request.
  Time since last request: 7.329640 seconds.
  path: Assets/Assets/Shaders/Mug.shadergraph
  artifactKey: Guid(c8eb1391d51753347a78db40cbb14312) Importer(815301076,1909f56bfc062723c751e8b465ee728b)
Start importing Assets/Assets/Shaders/Mug.shadergraph using Guid(c8eb1391d51753347a78db40cbb14312) Importer(815301076,1909f56bfc062723c751e8b465ee728b)  -> (artifact id: '9f828eed79e10715a73481b4d5e85e69') in 0.900456 seconds
Number of updated asset objects reloaded before import = 1
Number of asset objects unloaded after import = 2
========================================================================
Received Import Request.
  Time since last request: 935.219903 seconds.
  path: Assets/Assets/New Lighting Settings.lighting
  artifactKey: Guid(74d97af155bf88c41ba104f2e982f0f5) Importer(815301076,1909f56bfc062723c751e8b465ee728b)
Start importing Assets/Assets/New Lighting Settings.lighting using Guid(74d97af155bf88c41ba104f2e982f0f5) Importer(815301076,1909f56bfc062723c751e8b465ee728b)  -> (artifact id: 'c7e9c4915aca51210a52036d8490de33') in 0.001737 seconds
Number of updated asset objects reloaded before import = 1
Number of asset objects unloaded after import = 1
========================================================================
Received Import Request.
  Time since last request: 181.350650 seconds.
  path: Assets/CreativeCore_Shaders/Models/Apple.FBX
  artifactKey: Guid(5f0d530d48f8ee34fa8012b771731985) Importer(815301076,1909f56bfc062723c751e8b465ee728b)
Start importing Assets/CreativeCore_Shaders/Models/Apple.FBX using Guid(5f0d530d48f8ee34fa8012b771731985) Importer(815301076,1909f56bfc062723c751e8b465ee728b)  -> (artifact id: 'f48df144b1769146d38efefad9b5813e') in 0.086953 seconds
Number of updated asset objects reloaded before import = 0
Number of asset objects unloaded after import = 16
========================================================================
Received Import Request.
  Time since last request: 0.000023 seconds.
  path: Assets/CreativeCore_Shaders/Models/Lemon.FBX
  artifactKey: Guid(c522b71b06cb264439b222833d6b18f4) Importer(815301076,1909f56bfc062723c751e8b465ee728b)
Start importing Assets/CreativeCore_Shaders/Models/Lemon.FBX using Guid(c522b71b06cb264439b222833d6b18f4) Importer(815301076,1909f56bfc062723c751e8b465ee728b)  -> (artifact id: 'd9cb6c8ca831c3e2e52852e3573e0e12') in 0.034020 seconds
Number of updated asset objects reloaded before import = 0
Number of asset objects unloaded after import = 8
========================================================================
Received Import Request.
  Time since last request: 0.000048 seconds.
  path: Assets/CreativeCore_Shaders/Models/Mug.fbx
  artifactKey: Guid(48224b9cb16db6e4e8e4b237da1f56e8) Importer(815301076,1909f56bfc062723c751e8b465ee728b)
Start importing Assets/CreativeCore_Shaders/Models/Mug.fbx using Guid(48224b9cb16db6e4e8e4b237da1f56e8) Importer(815301076,1909f56bfc062723c751e8b465ee728b)  -> (artifact id: 'aaf51cf301af50bdb7002e1dc6288b1b') in 0.046766 seconds
Number of updated asset objects reloaded before import = 0
Number of asset objects unloaded after import = 13
========================================================================
Received Import Request.
  Time since last request: 0.000022 seconds.
  path: Assets/CreativeCore_Shaders/Models/GalleryInterior.fbx
  artifactKey: Guid(dc41f39fbf512ee459a69bcac9f872e1) Importer(815301076,1909f56bfc062723c751e8b465ee728b)
Start importing Assets/CreativeCore_Shaders/Models/GalleryInterior.fbx using Guid(dc41f39fbf512ee459a69bcac9f872e1) Importer(815301076,1909f56bfc062723c751e8b465ee728b)  -> (artifact id: 'eb3157155646763123b41397ab8232de') in 0.543793 seconds
Number of updated asset objects reloaded before import = 0
Number of asset objects unloaded after import = 191
========================================================================
Received Import Request.
  Time since last request: 0.029295 seconds.
  path: Assets/CreativeCore_Shaders/Prefabs/Mug.prefab
  artifactKey: Guid(1b5b20af9f996884198cd27b26564fbc) Importer(815301076,1909f56bfc062723c751e8b465ee728b)
Start importing Assets/CreativeCore_Shaders/Prefabs/Mug.prefab using Guid(1b5b20af9f996884198cd27b26564fbc) Importer(815301076,1909f56bfc062723c751e8b465ee728b)  -> (artifact id: '4cd443374ca15fdcf9e76b8bb4134d97') in 1.259584 seconds
Number of updated asset objects reloaded before import = 0
Number of asset objects unloaded after import = 9
Editor requested this worker to shutdown with reason: Scaling down because of idle timeout
TcpMessagingSession - receive error: operation aborted. errorcode: 995, details: The I/O operation has been aborted because of either a thread exit or an application request.
AssetImportWorker is now disconnected from the server
Process exiting
Exiting without the bug reporter. Application will terminate with return code 0